<?xml version="1.0" encoding="UTF-8"?>
<coverage generated="1760333397951" clover="3.2.0">
  <project timestamp="1760333397951" name="All files">
    <metrics statements="15" coveredstatements="14" conditionals="4" coveredconditionals="3" methods="3" coveredmethods="2" elements="22" coveredelements="19" complexity="0" loc="15" ncloc="15" packages="1" files="1" classes="1"/>
    <file name="index.js" path="C:\Users\kiera\project-002-aac-api\Initial_API\index.js">
      <metrics statements="15" coveredstatements="14" conditionals="4" coveredconditionals="3" methods="3" coveredmethods="2"/>
      <line num="15" count="1" type="stmt"/>
      <line num="16" count="1" type="stmt"/>
      <line num="17" count="1" type="stmt"/>
      <line num="20" count="1" type="stmt"/>
      <line num="23" count="1" type="stmt"/>
      <line num="24" count="1" type="stmt"/>
      <line num="31" count="1" type="stmt"/>
      <line num="32" count="2" type="stmt"/>
      <line num="33" count="2" type="stmt"/>
      <line num="35" count="2" type="cond" truecount="2" falsecount="0"/>
      <line num="36" count="1" type="stmt"/>
      <line num="39" count="1" type="stmt"/>
      <line num="45" count="1" type="cond" truecount="1" falsecount="1"/>
      <line num="46" count="0" type="stmt"/>
      <line num="50" count="1" type="stmt"/>
    </file>
  </project>
</coverage>
